# JRE version: Java(TM) SE Runtime Environment (8.0_161-b12) (build 1.8.0_161-b12)
# Java VM: Java HotSpot(TM) Client VM (25.161-b12 mixed mode windows-x86 )
Heap:
 def new generation   total 66816K, used 66815K [0x04c00000, 0x09480000, 0x1a150000)
  eden space 59392K, 100% used [0x04c00000, 0x08600000, 0x08600000)
  from space 7424K,  99% used [0x08d40000, 0x0947fff8, 0x09480000)
  to   space 7424K,   0% used [0x08600000, 0x08600000, 0x08d40000)
 tenured generation   total 155016K, used 154992K [0x1a150000, 0x238b2000, 0x44c00000)
   the space 155016K,  99% used [0x1a150000, 0x238ac380, 0x238ac400, 0x238b2000)
 Metaspace       used 3548K, capacity 3598K, committed 3648K, reserved 4480K
GC Heap History (10 events):
Event: 11.694 GC heap after
Heap after GC invocations=50 (full 11):
 def new generation   total 56000K, used 5644K [0x04c00000, 0x088c0000, 0x1a150000)
  eden space 49792K,  11% used [0x04c00000, 0x051830a0, 0x07ca0000)
  from space 6208K,   0% used [0x07ca0000, 0x07ca0000, 0x082b0000)
  to   space 6208K,   0% used [0x082b0000, 0x082b0000, 0x088c0000)
 tenured generation   total 124312K, used 124312K [0x1a150000, 0x21ab6000, 0x44c00000)
   the space 124312K, 100% used [0x1a150000, 0x21ab6000, 0x21ab6000, 0x21ab6000)
 Metaspace       used 3547K, capacity 3598K, committed 3648K, reserved 4480K
}
Event: 11.867 GC heap before
{Heap before GC invocations=50 (full 11):
 def new generation   total 56000K, used 49792K [0x04c00000, 0x088c0000, 0x1a150000)
  eden space 49792K, 100% used [0x04c00000, 0x07ca0000, 0x07ca0000)
  from space 6208K,   0% used [0x07ca0000, 0x07ca0000, 0x082b0000)
  to   space 6208K,   0% used [0x082b0000, 0x082b0000, 0x088c0000)
 tenured generation   total 124312K, used 124312K [0x1a150000, 0x21ab6000, 0x44c00000)
   the space 124312K, 100% used [0x1a150000, 0x21ab6000, 0x21ab6000, 0x21ab6000)
 Metaspace       used 3547K, capacity 3598K, committed 3648K, reserved 4480K
Event: 12.730 GC heap after
Heap after GC invocations=51 (full 12):
 def new generation   total 58560K, used 5042K [0x04c00000, 0x08b80000, 0x1a150000)
  eden space 52096K,   9% used [0x04c00000, 0x050ec910, 0x07ee0000)
  from space 6464K,   0% used [0x07ee0000, 0x07ee0000, 0x08530000)
  to   space 6464K,   0% used [0x08530000, 0x08530000, 0x08b80000)
 tenured generation   total 129944K, used 129943K [0x1a150000, 0x22036000, 0x44c00000)
   the space 129944K,  99% used [0x1a150000, 0x22035ff8, 0x22036000, 0x22036000)
 Metaspace       used 3547K, capacity 3598K, committed 3648K, reserved 4480K
}
Event: 12.888 GC heap before
{Heap before GC invocations=51 (full 12):
 def new generation   total 58560K, used 52096K [0x04c00000, 0x08b80000, 0x1a150000)
  eden space 52096K, 100% used [0x04c00000, 0x07ee0000, 0x07ee0000)
  from space 6464K,   0% used [0x07ee0000, 0x07ee0000, 0x08530000)
  to   space 6464K,   0% used [0x08530000, 0x08530000, 0x08b80000)
 tenured generation   total 129944K, used 129943K [0x1a150000, 0x22036000, 0x44c00000)
   the space 129944K,  99% used [0x1a150000, 0x22035ff8, 0x22036000, 0x22036000)
 Metaspace       used 3547K, capacity 3598K, committed 3648K, reserved 4480K
Event: 13.629 GC heap after
Heap after GC invocations=52 (full 13):
 def new generation   total 60864K, used 6353K [0x04c00000, 0x08e00000, 0x1a150000)
  eden space 54144K,  11% used [0x04c00000, 0x05234528, 0x080e0000)
  from space 6720K,   0% used [0x080e0000, 0x080e0000, 0x08770000)
  to   space 6720K,   0% used [0x08770000, 0x08770000, 0x08e00000)
 tenured generation   total 135064K, used 134970K [0x1a150000, 0x22536000, 0x44c00000)
   the space 135064K,  99% used [0x1a150000, 0x2251eac8, 0x2251ec00, 0x22536000)
 Metaspace       used 3547K, capacity 3598K, committed 3648K, reserved 4480K
}
Event: 13.842 GC heap before
{Heap before GC invocations=52 (full 13):
 def new generation   total 60864K, used 54144K [0x04c00000, 0x08e00000, 0x1a150000)
  eden space 54144K, 100% used [0x04c00000, 0x080e0000, 0x080e0000)
  from space 6720K,   0% used [0x080e0000, 0x080e0000, 0x08770000)
  to   space 6720K,   0% used [0x08770000, 0x08770000, 0x08e00000)
 tenured generation   total 135064K, used 134970K [0x1a150000, 0x22536000, 0x44c00000)
   the space 135064K,  99% used [0x1a150000, 0x2251eac8, 0x2251ec00, 0x22536000)
 Metaspace       used 3547K, capacity 3598K, committed 3648K, reserved 4480K
Event: 14.619 GC heap after
Heap after GC invocations=53 (full 14):
 def new generation   total 64192K, used 6428K [0x04c00000, 0x091a0000, 0x1a150000)
  eden space 57088K,  11% used [0x04c00000, 0x05247368, 0x083c0000)
  from space 7104K,   0% used [0x083c0000, 0x083c0000, 0x08ab0000)
  to   space 7104K,   0% used [0x08ab0000, 0x08ab0000, 0x091a0000)
 tenured generation   total 142488K, used 142488K [0x1a150000, 0x22c76000, 0x44c00000)
   the space 142488K, 100% used [0x1a150000, 0x22c76000, 0x22c76000, 0x22c76000)
 Metaspace       used 3547K, capacity 3598K, committed 3648K, reserved 4480K
}
Event: 14.852 GC heap before
{Heap before GC invocations=53 (full 14):
 def new generation   total 64192K, used 57088K [0x04c00000, 0x091a0000, 0x1a150000)
  eden space 57088K, 100% used [0x04c00000, 0x083c0000, 0x083c0000)
  from space 7104K,   0% used [0x083c0000, 0x083c0000, 0x08ab0000)
  to   space 7104K,   0% used [0x08ab0000, 0x08ab0000, 0x091a0000)
 tenured generation   total 142488K, used 142488K [0x1a150000, 0x22c76000, 0x44c00000)
   the space 142488K, 100% used [0x1a150000, 0x22c76000, 0x22c76000, 0x22c76000)
 Metaspace       used 3548K, capacity 3598K, committed 3648K, reserved 4480K
Event: 15.566 GC heap after
Heap after GC invocations=54 (full 15):
 def new generation   total 66816K, used 7022K [0x04c00000, 0x09480000, 0x1a150000)
  eden space 59392K,  11% used [0x04c00000, 0x052dba78, 0x08600000)
  from space 7424K,   0% used [0x08600000, 0x08600000, 0x08d40000)
  to   space 7424K,   0% used [0x08d40000, 0x08d40000, 0x09480000)
 tenured generation   total 148376K, used 148374K [0x1a150000, 0x23236000, 0x44c00000)
   the space 148376K,  99% used [0x1a150000, 0x23235ae0, 0x23235c00, 0x23236000)
 Metaspace       used 3548K, capacity 3598K, committed 3648K, reserved 4480K
}
Event: 15.783 GC heap before
{Heap before GC invocations=54 (full 15):
 def new generation   total 66816K, used 59392K [0x04c00000, 0x09480000, 0x1a150000)
  eden space 59392K, 100% used [0x04c00000, 0x08600000, 0x08600000)
  from space 7424K,   0% used [0x08600000, 0x08600000, 0x08d40000)
  to   space 7424K,   0% used [0x08d40000, 0x08d40000, 0x09480000)
 tenured generation   total 148376K, used 148374K [0x1a150000, 0x23236000, 0x44c00000)
   the space 148376K,  99% used [0x1a150000, 0x23235ae0, 0x23235c00, 0x23236000)
 Metaspace       used 3548K, capacity 3598K, committed 3648K, reserved 4480K

